Build started 12/21/2015 11:58:57 AM.
     1>Project "F:\algorithm simulation (final )\project\Ultimate project\term project\IGraphics\IGraphics.vcxproj" on node 2 (build target(s)).
     1>InitializeBuildStatus:
         Creating "Debug\IGraphics.unsuccessfulbuild" because "AlwaysCreate" was specified.
       ClCompile:
         C:\Program Files (x86)\Microsoft Visual Studio 10.0\VC\bin\CL.exe /c /Zi /nologo /W3 /WX- /Od /Oy- /D _MBCS /Gm /EHsc /RTC1 /MDd /GS /fp:precise /Zc:wchar_t /Zc:forScope /Fo"Debug\\" /Fd"Debug\vc100.pdb" /Gd /TP /analyze- /errorReport:prompt mainAlgoFile.cpp
         mainAlgoFile.cpp
     1>f:\algorithm simulation (final )\project\ultimate project\term project\igraphics\iGraphics.h(104): warning C4101: 'k' : unreferenced local variable
     1>mainAlgoFile.cpp(427): warning C4996: 'fopen': This function or variable may be unsafe. Consider using fopen_s instead. To disable deprecation, use _CRT_SECURE_NO_WARNINGS. See online help for details.
                 C:\Program Files (x86)\Microsoft Visual Studio 10.0\VC\include\stdio.h(234) : see declaration of 'fopen'
     1>mainAlgoFile.cpp(428): warning C4996: 'fscanf': This function or variable may be unsafe. Consider using fscanf_s instead. To disable deprecation, use _CRT_SECURE_NO_WARNINGS. See online help for details.
                 C:\Program Files (x86)\Microsoft Visual Studio 10.0\VC\include\stdio.h(253) : see declaration of 'fscanf'
     1>mainAlgoFile.cpp(432): warning C4996: 'fscanf': This function or variable may be unsafe. Consider using fscanf_s instead. To disable deprecation, use _CRT_SECURE_NO_WARNINGS. See online help for details.
                 C:\Program Files (x86)\Microsoft Visual Studio 10.0\VC\include\stdio.h(253) : see declaration of 'fscanf'
     1>mainAlgoFile.cpp(436): warning C4996: 'fscanf': This function or variable may be unsafe. Consider using fscanf_s instead. To disable deprecation, use _CRT_SECURE_NO_WARNINGS. See online help for details.
                 C:\Program Files (x86)\Microsoft Visual Studio 10.0\VC\include\stdio.h(253) : see declaration of 'fscanf'
     1>mainAlgoFile.cpp(443): warning C4996: 'strrev': The POSIX name for this item is deprecated. Instead, use the ISO C++ conformant name: _strrev. See online help for details.
                 C:\Program Files (x86)\Microsoft Visual Studio 10.0\VC\include\string.h(250) : see declaration of 'strrev'
     1>mainAlgoFile.cpp(445): warning C4996: 'strrev': The POSIX name for this item is deprecated. Instead, use the ISO C++ conformant name: _strrev. See online help for details.
                 C:\Program Files (x86)\Microsoft Visual Studio 10.0\VC\include\string.h(250) : see declaration of 'strrev'
     1>mainAlgoFile.cpp(1001): warning C4553: '==' : operator has no effect; did you intend '='?
     1>mainAlgoFile.cpp(1097): warning C4553: '==' : operator has no effect; did you intend '='?
     1>mainAlgoFile.cpp(1013): warning C4101: 'x' : unreferenced local variable
     1>mainAlgoFile.cpp(1109): warning C4101: 'x' : unreferenced local variable
     1>f:\algorithm simulation (final )\project\ultimate project\term project\igraphics\mainalgofile.cpp(234): warning C4715: 'iPadinput' : not all control paths return a value
       Link:
         C:\Program Files (x86)\Microsoft Visual Studio 10.0\VC\bin\link.exe /ERRORREPORT:PROMPT /OUT:"F:\algorithm simulation (final )\project\Ultimate project\term project\IGraphics\Debug\IGraphics.exe" /NOLOGO kernel32.lib user32.lib gdi32.lib winspool.lib comdlg32.lib advapi32.lib shell32.lib ole32.lib oleaut32.lib uuid.lib odbc32.lib odbccp32.lib /MANIFEST /ManifestFile:"Debug\IGraphics.exe.intermediate.manifest" /MANIFESTUAC:"level='asInvoker' uiAccess='false'" /DEBUG /PDB:"F:\algorithm simulation (final )\project\Ultimate project\term project\IGraphics\Debug\IGraphics.pdb" /TLBID:1 /DYNAMICBASE /NXCOMPAT /IMPLIB:"F:\algorithm simulation (final )\project\Ultimate project\term project\IGraphics\Debug\IGraphics.lib" /MACHINE:X86 Debug\mainAlgoFile.obj
         LINK : F:\algorithm simulation (final )\project\Ultimate project\term project\IGraphics\Debug\IGraphics.exe not found or not built by the last incremental link; performing full link
         IGraphics.vcxproj -> F:\algorithm simulation (final )\project\Ultimate project\term project\IGraphics\Debug\IGraphics.exe
       Manifest:
         C:\Program Files (x86)\Microsoft SDKs\Windows\v7.0A\bin\mt.exe /nologo /verbose /outputresource:"F:\algorithm simulation (final )\project\Ultimate project\term project\IGraphics\Debug\IGraphics.exe;#1" /manifest Debug\IGraphics.exe.intermediate.manifest
       FinalizeBuildStatus:
         Deleting file "Debug\IGraphics.unsuccessfulbuild".
         Touching "Debug\IGraphics.lastbuildstate".
     1>Done Building Project "F:\algorithm simulation (final )\project\Ultimate project\term project\IGraphics\IGraphics.vcxproj" (build target(s)).

Build succeeded.

Time Elapsed 00:00:02.91
